<?xml version="1.0" encoding="UTF-8"?>
<!-- Generated by org.testng.reporters.JUnitXMLReporter -->
<testsuite ignored="0" hostname="LAPTOP-5SF9L84S" failures="0" tests="35" name="Test" time="51.532" errors="0" timestamp="2023-09-20T21:13:54 IST">
  <testcase classname="testcases.FunctionalTests" name="@BeforeTest setup" time="51.269">
    <failure type="org.openqa.selenium.WebDriverException" message="chrome not reachable
  (Session info: chrome=104.0.5112.102)
Build info: version: &amp;apos;4.9.0&amp;apos;, revision: &amp;apos;d7057100a6&amp;apos;
System info: os.name: &amp;apos;Windows 11&amp;apos;, os.arch: &amp;apos;amd64&amp;apos;, os.version: &amp;apos;10.0&amp;apos;, java.version: &amp;apos;17.0.4.1&amp;apos;
Driver info: org.openqa.selenium.chrome.ChromeDriver
Command: [e4e2a2ef75d0e1036acf2d17a10b33e4, get {url=https://automationexercise.com/}]
Capabilities {acceptInsecureCerts: false, browserName: chrome, browserVersion: 104.0.5112.102, chrome: {chromedriverVersion: 104.0.5112.79 (3cf3e8c8a07d..., userDataDir: C:\Users\achun\AppData\Loca...}, goog:chromeOptions: {debuggerAddress: localhost:65303}, networkConnectionEnabled: false, pageLoadStrategy: normal, platformName: WINDOWS, proxy: Proxy(), se:cdp: ws://localhost:65303/devtoo..., se:cdpVersion: 104.0.5112.102, setWindowRect: true, strictFileInteractability: false, timeouts: {implicit: 0, pageLoad: 300000, script: 30000}, unhandledPromptBehavior: dismiss and notify, webauthn:extension:credBlob: true, webauthn:extension:largeBlob: true, webauthn:virtualAuthenticators: true}
Session ID: e4e2a2ef75d0e1036acf2d17a10b33e4">
      <![CDATA[org.openqa.selenium.WebDriverException: chrome not reachable
  (Session info: chrome=104.0.5112.102)
Build info: version: '4.9.0', revision: 'd7057100a6'
System info: os.name: 'Windows 11', os.arch: 'amd64', os.version: '10.0', java.version: '17.0.4.1'
Driver info: org.openqa.selenium.chrome.ChromeDriver
Command: [e4e2a2ef75d0e1036acf2d17a10b33e4, get {url=https://automationexercise.com/}]
Capabilities {acceptInsecureCerts: false, browserName: chrome, browserVersion: 104.0.5112.102, chrome: {chromedriverVersion: 104.0.5112.79 (3cf3e8c8a07d..., userDataDir: C:\Users\achun\AppData\Loca...}, goog:chromeOptions: {debuggerAddress: localhost:65303}, networkConnectionEnabled: false, pageLoadStrategy: normal, platformName: WINDOWS, proxy: Proxy(), se:cdp: ws://localhost:65303/devtoo..., se:cdpVersion: 104.0.5112.102, setWindowRect: true, strictFileInteractability: false, timeouts: {implicit: 0, pageLoad: 300000, script: 30000}, unhandledPromptBehavior: dismiss and notify, webauthn:extension:credBlob: true, webauthn:extension:largeBlob: true, webauthn:virtualAuthenticators: true}
Session ID: e4e2a2ef75d0e1036acf2d17a10b33e4
at org.openqa.selenium.remote.codec.w3c.W3CHttpResponseCodec.createException(W3CHttpResponseCodec.java:200)
at org.openqa.selenium.remote.codec.w3c.W3CHttpResponseCodec.decode(W3CHttpResponseCodec.java:133)
at org.openqa.selenium.remote.codec.w3c.W3CHttpResponseCodec.decode(W3CHttpResponseCodec.java:53)
at org.openqa.selenium.remote.HttpCommandExecutor.execute(HttpCommandExecutor.java:193)
at org.openqa.selenium.remote.service.DriverCommandExecutor.invokeExecute(DriverCommandExecutor.java:183)
at org.openqa.selenium.remote.service.DriverCommandExecutor.execute(DriverCommandExecutor.java:158)
at org.openqa.selenium.remote.RemoteWebDriver.execute(RemoteWebDriver.java:543)
at org.openqa.selenium.remote.RemoteWebDriver.get(RemoteWebDriver.java:297)
at reusablemethods.Base.launchApp(Base.java:37)
at testcases.FunctionalTests.setup(FunctionalTests.java:63)
... Removed 29 stack frames]]>
    </failure>
  </testcase> <!-- @BeforeTest setup -->
  <testcase classname="testcases.UITests" name="@BeforeTest setup" time="-1.695224633961E9">
    <skipped/>
  </testcase> <!-- @BeforeTest setup -->
  <testcase classname="testcases.FunctionalTests" name="@BeforeMethod setupBeforeMethod" time="-1.695224634028E9">
    <skipped/>
  </testcase> <!-- @BeforeMethod setupBeforeMethod -->
  <testcase classname="testcases.FunctionalTests" name="@AfterMethod logOut" time="-1.695224634032E9">
    <skipped/>
  </testcase> <!-- @AfterMethod logOut -->
  <testcase classname="testcases.FunctionalTests" name="@BeforeMethod setupBeforeMethod" time="-1.695224634034E9">
    <skipped/>
  </testcase> <!-- @BeforeMethod setupBeforeMethod -->
  <testcase classname="testcases.FunctionalTests" name="@AfterMethod logOut" time="-1.695224634037E9">
    <skipped/>
  </testcase> <!-- @AfterMethod logOut -->
  <testcase classname="testcases.FunctionalTests" name="@BeforeMethod setupBeforeMethod" time="-1.695224634039E9">
    <skipped/>
  </testcase> <!-- @BeforeMethod setupBeforeMethod -->
  <testcase classname="testcases.FunctionalTests" name="@AfterMethod logOut" time="-1.695224634042E9">
    <skipped/>
  </testcase> <!-- @AfterMethod logOut -->
  <testcase classname="testcases.FunctionalTests" name="@BeforeMethod setupBeforeMethod" time="-1.695224634044E9">
    <skipped/>
  </testcase> <!-- @BeforeMethod setupBeforeMethod -->
  <testcase classname="testcases.FunctionalTests" name="@AfterMethod logOut" time="-1.695224634048E9">
    <skipped/>
  </testcase> <!-- @AfterMethod logOut -->
  <testcase classname="testcases.FunctionalTests" name="@BeforeMethod setupBeforeMethod" time="-1.695224634049E9">
    <skipped/>
  </testcase> <!-- @BeforeMethod setupBeforeMethod -->
  <testcase classname="testcases.FunctionalTests" name="@AfterMethod logOut" time="-1.695224634052E9">
    <skipped/>
  </testcase> <!-- @AfterMethod logOut -->
  <testcase classname="testcases.FunctionalTests" name="@BeforeMethod setupBeforeMethod" time="-1.695224634054E9">
    <skipped/>
  </testcase> <!-- @BeforeMethod setupBeforeMethod -->
  <testcase classname="testcases.FunctionalTests" name="@AfterMethod logOut" time="-1.695224634057E9">
    <skipped/>
  </testcase> <!-- @AfterMethod logOut -->
  <testcase classname="testcases.FunctionalTests" name="@BeforeMethod setupBeforeMethod" time="-1.695224634058E9">
    <skipped/>
  </testcase> <!-- @BeforeMethod setupBeforeMethod -->
  <testcase classname="testcases.FunctionalTests" name="@AfterMethod logOut" time="-1.695224634061E9">
    <skipped/>
  </testcase> <!-- @AfterMethod logOut -->
  <testcase classname="testcases.FunctionalTests" name="@BeforeMethod setupBeforeMethod" time="-1.695224634063E9">
    <skipped/>
  </testcase> <!-- @BeforeMethod setupBeforeMethod -->
  <testcase classname="testcases.FunctionalTests" name="@AfterMethod logOut" time="-1.695224634066E9">
    <skipped/>
  </testcase> <!-- @AfterMethod logOut -->
  <testcase classname="testcases.FunctionalTests" name="@BeforeMethod setupBeforeMethod" time="-1.695224634068E9">
    <skipped/>
  </testcase> <!-- @BeforeMethod setupBeforeMethod -->
  <testcase classname="testcases.FunctionalTests" name="@AfterMethod logOut" time="-1.695224634072E9">
    <skipped/>
  </testcase> <!-- @AfterMethod logOut -->
  <testcase classname="testcases.FunctionalTests" name="@BeforeMethod setupBeforeMethod" time="-1.695224634074E9">
    <skipped/>
  </testcase> <!-- @BeforeMethod setupBeforeMethod -->
  <testcase classname="testcases.FunctionalTests" name="@AfterMethod logOut" time="-1.695224634078E9">
    <skipped/>
  </testcase> <!-- @AfterMethod logOut -->
  <testcase classname="testcases.FunctionalTests" name="@BeforeMethod setupBeforeMethod" time="-1.695224634079E9">
    <skipped/>
  </testcase> <!-- @BeforeMethod setupBeforeMethod -->
  <testcase classname="testcases.FunctionalTests" name="@AfterMethod logOut" time="-1.695224634083E9">
    <skipped/>
  </testcase> <!-- @AfterMethod logOut -->
  <testcase classname="testcases.FunctionalTests" name="@BeforeMethod setupBeforeMethod" time="-1.695224634084E9">
    <skipped/>
  </testcase> <!-- @BeforeMethod setupBeforeMethod -->
  <testcase classname="testcases.FunctionalTests" name="@AfterMethod logOut" time="-1.695224634088E9">
    <skipped/>
  </testcase> <!-- @AfterMethod logOut -->
  <testcase classname="testcases.FunctionalTests" name="@BeforeMethod setupBeforeMethod" time="-1.695224634089E9">
    <skipped/>
  </testcase> <!-- @BeforeMethod setupBeforeMethod -->
  <testcase classname="testcases.FunctionalTests" name="@AfterMethod logOut" time="-1.695224634093E9">
    <skipped/>
  </testcase> <!-- @AfterMethod logOut -->
  <testcase classname="testcases.FunctionalTests" name="@BeforeMethod setupBeforeMethod" time="-1.695224634094E9">
    <skipped/>
  </testcase> <!-- @BeforeMethod setupBeforeMethod -->
  <testcase classname="testcases.FunctionalTests" name="@AfterMethod logOut" time="-1.695224634098E9">
    <skipped/>
  </testcase> <!-- @AfterMethod logOut -->
  <testcase classname="testcases.FunctionalTests" name="@BeforeMethod setupBeforeMethod" time="-1.695224634099E9">
    <skipped/>
  </testcase> <!-- @BeforeMethod setupBeforeMethod -->
  <testcase classname="testcases.FunctionalTests" name="@AfterMethod logOut" time="-1.695224634102E9">
    <skipped/>
  </testcase> <!-- @AfterMethod logOut -->
  <testcase classname="testcases.FunctionalTests" name="@BeforeMethod setupBeforeMethod" time="-1.695224634103E9">
    <skipped/>
  </testcase> <!-- @BeforeMethod setupBeforeMethod -->
  <testcase classname="testcases.FunctionalTests" name="@AfterMethod logOut" time="-1.695224634107E9">
    <skipped/>
  </testcase> <!-- @AfterMethod logOut -->
  <testcase classname="testcases.FunctionalTests" name="@BeforeMethod setupBeforeMethod" time="-1.695224634108E9">
    <skipped/>
  </testcase> <!-- @BeforeMethod setupBeforeMethod -->
  <testcase classname="testcases.FunctionalTests" name="@AfterMethod logOut" time="-1.695224634112E9">
    <skipped/>
  </testcase> <!-- @AfterMethod logOut -->
  <testcase classname="testcases.FunctionalTests" name="@BeforeMethod setupBeforeMethod" time="-1.695224634114E9">
    <skipped/>
  </testcase> <!-- @BeforeMethod setupBeforeMethod -->
  <testcase classname="testcases.FunctionalTests" name="@AfterMethod logOut" time="-1.695224634117E9">
    <skipped/>
  </testcase> <!-- @AfterMethod logOut -->
  <testcase classname="testcases.FunctionalTests" name="@BeforeMethod setupBeforeMethod" time="-1.695224634119E9">
    <skipped/>
  </testcase> <!-- @BeforeMethod setupBeforeMethod -->
  <testcase classname="testcases.FunctionalTests" name="@AfterMethod logOut" time="-1.695224634122E9">
    <skipped/>
  </testcase> <!-- @AfterMethod logOut -->
  <testcase classname="testcases.FunctionalTests" name="@BeforeMethod setupBeforeMethod" time="-1.695224634123E9">
    <skipped/>
  </testcase> <!-- @BeforeMethod setupBeforeMethod -->
  <testcase classname="testcases.FunctionalTests" name="@AfterMethod logOut" time="-1.695224634126E9">
    <skipped/>
  </testcase> <!-- @AfterMethod logOut -->
  <testcase classname="testcases.FunctionalTests" name="@BeforeMethod setupBeforeMethod" time="-1.695224634127E9">
    <skipped/>
  </testcase> <!-- @BeforeMethod setupBeforeMethod -->
  <testcase classname="testcases.FunctionalTests" name="@AfterMethod logOut" time="-1.69522463413E9">
    <skipped/>
  </testcase> <!-- @AfterMethod logOut -->
  <testcase classname="testcases.FunctionalTests" name="@BeforeMethod setupBeforeMethod" time="-1.695224634131E9">
    <skipped/>
  </testcase> <!-- @BeforeMethod setupBeforeMethod -->
  <testcase classname="testcases.FunctionalTests" name="@AfterMethod logOut" time="-1.695224634134E9">
    <skipped/>
  </testcase> <!-- @AfterMethod logOut -->
  <testcase classname="testcases.FunctionalTests" name="@BeforeMethod setupBeforeMethod" time="-1.695224634136E9">
    <skipped/>
  </testcase> <!-- @BeforeMethod setupBeforeMethod -->
  <testcase classname="testcases.FunctionalTests" name="@AfterMethod logOut" time="-1.695224634139E9">
    <skipped/>
  </testcase> <!-- @AfterMethod logOut -->
  <testcase classname="testcases.FunctionalTests" name="@BeforeMethod setupBeforeMethod" time="-1.695224634141E9">
    <skipped/>
  </testcase> <!-- @BeforeMethod setupBeforeMethod -->
  <testcase classname="testcases.FunctionalTests" name="@AfterMethod logOut" time="-1.695224634145E9">
    <skipped/>
  </testcase> <!-- @AfterMethod logOut -->
  <testcase classname="testcases.FunctionalTests" name="@BeforeMethod setupBeforeMethod" time="-1.695224634147E9">
    <skipped/>
  </testcase> <!-- @BeforeMethod setupBeforeMethod -->
  <testcase classname="testcases.FunctionalTests" name="@AfterMethod logOut" time="-1.695224634151E9">
    <skipped/>
  </testcase> <!-- @AfterMethod logOut -->
  <testcase classname="testcases.FunctionalTests" name="@BeforeMethod setupBeforeMethod" time="-1.695224634153E9">
    <skipped/>
  </testcase> <!-- @BeforeMethod setupBeforeMethod -->
  <testcase classname="testcases.FunctionalTests" name="@AfterMethod logOut" time="-1.695224634157E9">
    <skipped/>
  </testcase> <!-- @AfterMethod logOut -->
  <testcase classname="testcases.FunctionalTests" name="@AfterTest teardown" time="-1.695224634158E9">
    <skipped/>
  </testcase> <!-- @AfterTest teardown -->
  <testcase classname="testcases.UITests" name="@AfterTest teardown" time="-1.695224634159E9">
    <skipped/>
  </testcase> <!-- @AfterTest teardown -->
  <testcase classname="testcases.UITests" name="verifyLogo" time="0.0">
    <skipped/>
  </testcase> <!-- verifyLogo -->
  <testcase classname="testcases.UITests" name="verifyFullFledgeText" time="0.0">
    <skipped/>
  </testcase> <!-- verifyFullFledgeText -->
  <testcase classname="testcases.UITests" name="verifyLeftArrow" time="0.0">
    <skipped/>
  </testcase> <!-- verifyLeftArrow -->
  <testcase classname="testcases.UITests" name="verifyRightArrow" time="0.0">
    <skipped/>
  </testcase> <!-- verifyRightArrow -->
  <testcase classname="testcases.UITests" name="verifyGirlImages" time="0.0">
    <skipped/>
  </testcase> <!-- verifyGirlImages -->
  <testcase classname="testcases.UITests" name="verifySubscription" time="0.0">
    <skipped/>
  </testcase> <!-- verifySubscription -->
  <testcase classname="testcases.UITests" name="verifySrollUpArrow" time="0.0">
    <skipped/>
  </testcase> <!-- verifySrollUpArrow -->
  <testcase classname="testcases.UITests" name="verifyHeaderElements" time="0.0">
    <skipped/>
  </testcase> <!-- verifyHeaderElements -->
  <testcase classname="testcases.UITests" name="verifySubTitles" time="0.0">
    <skipped/>
  </testcase> <!-- verifySubTitles -->
  <testcase classname="testcases.FunctionalTests" name="registerUser" time="0.0">
    <skipped/>
  </testcase> <!-- registerUser -->
  <testcase classname="testcases.FunctionalTests" name="loginUserWithValidEmail" time="0.0">
    <skipped/>
  </testcase> <!-- loginUserWithValidEmail -->
  <testcase classname="testcases.FunctionalTests" name="loginUserWithInvalidEmailAndPassword" time="0.0">
    <skipped/>
  </testcase> <!-- loginUserWithInvalidEmailAndPassword -->
  <testcase classname="testcases.FunctionalTests" name="logoutUser" time="0.0">
    <skipped/>
  </testcase> <!-- logoutUser -->
  <testcase classname="testcases.FunctionalTests" name="registerUserWithExistingEmail" time="0.0">
    <skipped/>
  </testcase> <!-- registerUserWithExistingEmail -->
  <testcase classname="testcases.FunctionalTests" name="submitContactUsForm" time="0.0">
    <skipped/>
  </testcase> <!-- submitContactUsForm -->
  <testcase classname="testcases.FunctionalTests" name="validateTestCasePage" time="0.0">
    <skipped/>
  </testcase> <!-- validateTestCasePage -->
  <testcase classname="testcases.FunctionalTests" name="validateProductsAndProductDetailPage" time="0.0">
    <skipped/>
  </testcase> <!-- validateProductsAndProductDetailPage -->
  <testcase classname="testcases.FunctionalTests" name="searchProducts" time="0.0">
    <skipped/>
  </testcase> <!-- searchProducts -->
  <testcase classname="testcases.FunctionalTests" name="verifySubscriptionInHome" time="0.0">
    <skipped/>
  </testcase> <!-- verifySubscriptionInHome -->
  <testcase classname="testcases.FunctionalTests" name="verifySubscriptionInCartPage" time="0.0">
    <skipped/>
  </testcase> <!-- verifySubscriptionInCartPage -->
  <testcase classname="testcases.FunctionalTests" name="addProductsInCart" time="0.0">
    <skipped/>
  </testcase> <!-- addProductsInCart -->
  <testcase classname="testcases.FunctionalTests" name="verifyProductQuantityInCart" time="0.0">
    <skipped/>
  </testcase> <!-- verifyProductQuantityInCart -->
  <testcase classname="testcases.FunctionalTests" name="placeOrderRegisterWhileCheckout" time="0.0">
    <skipped/>
  </testcase> <!-- placeOrderRegisterWhileCheckout -->
  <testcase classname="testcases.FunctionalTests" name="placeOrderRegisterBeforeCheckout" time="0.0">
    <skipped/>
  </testcase> <!-- placeOrderRegisterBeforeCheckout -->
  <testcase classname="testcases.FunctionalTests" name="placeOrderLoginBeforeCheckout" time="0.0">
    <skipped/>
  </testcase> <!-- placeOrderLoginBeforeCheckout -->
  <testcase classname="testcases.FunctionalTests" name="removeProducstFromCart" time="0.0">
    <skipped/>
  </testcase> <!-- removeProducstFromCart -->
  <testcase classname="testcases.FunctionalTests" name="viewCategoryProducts" time="0.0">
    <skipped/>
  </testcase> <!-- viewCategoryProducts -->
  <testcase classname="testcases.FunctionalTests" name="viewAndCartBrandProducts" time="0.0">
    <skipped/>
  </testcase> <!-- viewAndCartBrandProducts -->
  <testcase classname="testcases.FunctionalTests" name="searchProductsAndVerifyCartAfterLogin" time="0.0">
    <skipped/>
  </testcase> <!-- searchProductsAndVerifyCartAfterLogin -->
  <testcase classname="testcases.FunctionalTests" name="addReviewOnProducts" time="0.0">
    <skipped/>
  </testcase> <!-- addReviewOnProducts -->
  <testcase classname="testcases.FunctionalTests" name="addToCartFromRecommendedItems" time="0.0">
    <skipped/>
  </testcase> <!-- addToCartFromRecommendedItems -->
  <testcase classname="testcases.FunctionalTests" name="verifyAddressInCheckoutPage" time="0.0">
    <skipped/>
  </testcase> <!-- verifyAddressInCheckoutPage -->
  <testcase classname="testcases.FunctionalTests" name="downloadInvoiceAfterPurchaseOrder" time="0.0">
    <skipped/>
  </testcase> <!-- downloadInvoiceAfterPurchaseOrder -->
  <testcase classname="testcases.FunctionalTests" name="verifyScrollUpUsingArrowButtonAndScrollDown" time="0.0">
    <skipped/>
  </testcase> <!-- verifyScrollUpUsingArrowButtonAndScrollDown -->
  <testcase classname="testcases.FunctionalTests" name="verifyScrollUpWithoutArrowButtonAndScrollDown" time="0.0">
    <skipped/>
  </testcase> <!-- verifyScrollUpWithoutArrowButtonAndScrollDown -->
</testsuite> <!-- Test -->
